Flow report for Multiplicador
Fri May 19 10:49:31 2023
Quartus Prime Version 21.1.0 Build 842 10/21/2021 SJ Lite Edition


---------------------
; Table of Contents ;
---------------------
  1. Legal Notice
  2. Flow Summary
  3. Flow Settings
  4. Flow Non-Default Global Settings
  5. Flow Elapsed Time
  6. Flow OS Summary
  7. Flow Log
  8. Flow Messages
  9. Flow Suppressed Messages



----------------
; Legal Notice ;
----------------
Copyright (C) 2021  Intel Corporation. All rights reserved.
Your use of Intel Corporation's design tools, logic functions 
and other software and tools, and any partner logic 
functions, and any output files from any of the foregoing 
(including device programming or simulation files), and any 
associated documentation or information are expressly subject 
to the terms and conditions of the Intel Program License 
Subscription Agreement, the Intel Quartus Prime License Agreement,
the Intel FPGA IP License Agreement, or other applicable license
agreement, including, without limitation, that your use is for
the sole purpose of programming logic devices manufactured by
Intel and sold by Intel or its authorized distributors.  Please
refer to the applicable agreement for further details, at
https://fpgasoftware.intel.com/eula.



+-------------------------------------------------------------------------------+
; Flow Summary                                                                  ;
+---------------------------------+---------------------------------------------+
; Flow Status                     ; Successful - Fri May 19 10:49:31 2023       ;
; Quartus Prime Version           ; 21.1.0 Build 842 10/21/2021 SJ Lite Edition ;
; Revision Name                   ; Multiplicador                               ;
; Top-level Entity Name           ; Multiplicador                               ;
; Family                          ; Cyclone V                                   ;
; Device                          ; 5CGXFC7C7F23C8                              ;
; Timing Models                   ; Final                                       ;
; Logic utilization (in ALMs)     ; 32 / 56,480 ( < 1 % )                       ;
; Total registers                 ; 46                                          ;
; Total pins                      ; 21 / 268 ( 8 % )                            ;
; Total virtual pins              ; 0                                           ;
; Total block memory bits         ; 0 / 7,024,640 ( 0 % )                       ;
; Total DSP Blocks                ; 0 / 156 ( 0 % )                             ;
; Total HSSI RX PCSs              ; 0 / 6 ( 0 % )                               ;
; Total HSSI PMA RX Deserializers ; 0 / 6 ( 0 % )                               ;
; Total HSSI TX PCSs              ; 0 / 6 ( 0 % )                               ;
; Total HSSI PMA TX Serializers   ; 0 / 6 ( 0 % )                               ;
; Total PLLs                      ; 0 / 13 ( 0 % )                              ;
; Total DLLs                      ; 0 / 4 ( 0 % )                               ;
+---------------------------------+---------------------------------------------+


+-----------------------------------------+
; Flow Settings                           ;
+-------------------+---------------------+
; Option            ; Setting             ;
+-------------------+---------------------+
; Start date & time ; 05/19/2023 10:48:39 ;
; Main task         ; Compilation         ;
; Revision Name     ; Multiplicador       ;
+-------------------+---------------------+


+--------------------------------------------------------------------------------------------------------------------------------+
; Flow Non-Default Global Settings                                                                                               ;
+--------------------------------------+----------------------------------------+---------------+-------------+------------------+
; Assignment Name                      ; Value                                  ; Default Value ; Entity Name ; Section Id       ;
+--------------------------------------+----------------------------------------+---------------+-------------+------------------+
; COMPILER_SIGNATURE_ID                ; 64355072183661.168450411914136         ; --            ; --          ; --               ;
; EDA_DESIGN_INSTANCE_NAME             ; NA                                     ; --            ; --          ; Multiplicador_tb ;
; EDA_NATIVELINK_SIMULATION_TEST_BENCH ; Multiplicador_tb                       ; --            ; --          ; eda_simulation   ;
; EDA_OUTPUT_DATA_FORMAT               ; Verilog Hdl                            ; --            ; --          ; eda_simulation   ;
; EDA_SIMULATION_TOOL                  ; Questa Intel FPGA (Verilog)            ; <None>        ; --          ; --               ;
; EDA_TEST_BENCH_ENABLE_STATUS         ; TEST_BENCH_MODE                        ; --            ; --          ; eda_simulation   ;
; EDA_TEST_BENCH_FILE                  ; Multiplicador_tb.v                     ; --            ; --          ; Multiplicador_tb ;
; EDA_TEST_BENCH_MODULE_NAME           ; Multiplicador_tb                       ; --            ; --          ; Multiplicador_tb ;
; EDA_TEST_BENCH_NAME                  ; Multiplicador_tb                       ; --            ; --          ; eda_simulation   ;
; EDA_TIME_SCALE                       ; 1 ps                                   ; --            ; --          ; eda_simulation   ;
; MAX_CORE_JUNCTION_TEMP               ; 85                                     ; --            ; --          ; --               ;
; MIN_CORE_JUNCTION_TEMP               ; 0                                      ; --            ; --          ; --               ;
; PARTITION_COLOR                      ; -- (Not supported for targeted family) ; --            ; --          ; Top              ;
; PARTITION_FITTER_PRESERVATION_LEVEL  ; -- (Not supported for targeted family) ; --            ; --          ; Top              ;
; PARTITION_NETLIST_TYPE               ; -- (Not supported for targeted family) ; --            ; --          ; Top              ;
; POWER_BOARD_THERMAL_MODEL            ; None (CONSERVATIVE)                    ; --            ; --          ; --               ;
; POWER_PRESET_COOLING_SOLUTION        ; 23 MM HEAT SINK WITH 200 LFPM AIRFLOW  ; --            ; --          ; --               ;
+--------------------------------------+----------------------------------------+---------------+-------------+------------------+


+--------------------------------------------------------------------------------------------------------------------------+
; Flow Elapsed Time                                                                                                        ;
+----------------------+--------------+-------------------------+---------------------+------------------------------------+
; Module Name          ; Elapsed Time ; Average Processors Used ; Peak Virtual Memory ; Total CPU Time (on all processors) ;
+----------------------+--------------+-------------------------+---------------------+------------------------------------+
; Analysis & Synthesis ; 00:00:08     ; 1.0                     ; 4833 MB             ; 00:00:07                           ;
; Fitter               ; 00:00:29     ; 1.0                     ; 6698 MB             ; 00:00:41                           ;
; Assembler            ; 00:00:05     ; 1.0                     ; 4886 MB             ; 00:00:05                           ;
; Timing Analyzer      ; 00:00:05     ; 1.1                     ; 5208 MB             ; 00:00:04                           ;
; EDA Netlist Writer   ; 00:00:00     ; 1.0                     ; 4742 MB             ; 00:00:01                           ;
; Total                ; 00:00:47     ; --                      ; --                  ; 00:00:58                           ;
+----------------------+--------------+-------------------------+---------------------+------------------------------------+


+------------------------------------------------------------------------------------+
; Flow OS Summary                                                                    ;
+----------------------+------------------+------------+------------+----------------+
; Module Name          ; Machine Hostname ; OS Name    ; OS Version ; Processor type ;
+----------------------+------------------+------------+------------+----------------+
; Analysis & Synthesis ; LAPTOP-GU1GT42P  ; Windows 10 ; 10.0       ; x86_64         ;
; Fitter               ; LAPTOP-GU1GT42P  ; Windows 10 ; 10.0       ; x86_64         ;
; Assembler            ; LAPTOP-GU1GT42P  ; Windows 10 ; 10.0       ; x86_64         ;
; Timing Analyzer      ; LAPTOP-GU1GT42P  ; Windows 10 ; 10.0       ; x86_64         ;
; EDA Netlist Writer   ; LAPTOP-GU1GT42P  ; Windows 10 ; 10.0       ; x86_64         ;
+----------------------+------------------+------------+------------+----------------+


------------
; Flow Log ;
------------
quartus_map --read_settings_files=on --write_settings_files=off Multiplicador -c Multiplicador
quartus_fit --read_settings_files=off --write_settings_files=off Multiplicador -c Multiplicador
quartus_asm --read_settings_files=off --write_settings_files=off Multiplicador -c Multiplicador
quartus_sta Multiplicador -c Multiplicador
quartus_eda --read_settings_files=off --write_settings_files=off Multiplicador -c Multiplicador



